<testsuites id="" name="" tests="46" failures="40" skipped="3" errors="0" time="4383.692526">
<testsuite name="ai-advantage-ebook-download.spec.ts" timestamp="2026-03-31T13:47:14.254Z" hostname="" tests="3" failures="3" skipped="0" time="92.082" errors="0">
<testcase name="AI Advantage eBook Download › should successfully download AI Advantage eBook with user information" classname="ai-advantage-ebook-download.spec.ts" time="31.966">
<failure message="ai-advantage-ebook-download.spec.ts:14:7 should successfully download AI Advantage eBook with user information" type="FAILURE">
<![CDATA[  ai-advantage-ebook-download.spec.ts:14:7 › AI Advantage eBook Download › should successfully download AI Advantage eBook with user information 

    Test timeout of 9000ms exceeded.

    Error: page.goto: Test timeout of 9000ms exceeded.
    Call log:
      - navigating to "https://canoeintelligence.com/ai-advantage-ebook/", waiting until "load"


      14 |   test('should successfully download AI Advantage eBook with user information', async ({ page }) => {
      15 |     // Navigate to the AI Advantage eBook page
    > 16 |     await page.goto('https://canoeintelligence.com/ai-advantage-ebook/');
         |                ^
      17 |     
      18 |     // Wait for page to load completely
      19 |     await page.waitForLoadState('networkidle');
        at D:\reporter\AAA_playwright-projects\playwright-ts\tests\ai-advantage-ebook-download.spec.ts:16:16

    attachment #1: screenshot (image/png) ──────────────────────────────────────────────────────────
    ..\test-results\ai-advantage-ebook-downloa-ea592-eBook-with-user-information\test-failed-1.png
    ────────────────────────────────────────────────────────────────────────────────────────────────

    attachment #2: video (video/webm) ──────────────────────────────────────────────────────────────
    ..\test-results\ai-advantage-ebook-downloa-ea592-eBook-with-user-information\video.webm
    ────────────────────────────────────────────────────────────────────────────────────────────────

    Error Context: ..\test-results\ai-advantage-ebook-downloa-ea592-eBook-with-user-information\error-context.md

    attachment #4: trace (application/zip) ─────────────────────────────────────────────────────────
    ..\test-results\ai-advantage-ebook-downloa-ea592-eBook-with-user-information\trace.zip
    Usage:

        npx playwright show-trace ..\test-results\ai-advantage-ebook-downloa-ea592-eBook-with-user-information\trace.zip

    ────────────────────────────────────────────────────────────────────────────────────────────────

    Retry #1 ───────────────────────────────────────────────────────────────────────────────────────

    Test timeout of 9000ms exceeded.

    Error: page.waitForTimeout: Target page, context or browser has been closed

      36 |     
      37 |     // Wait for popup to appear (modal or form)
    > 38 |     await page.waitForTimeout(2000); // Brief wait for animation
         |                ^
      39 |     
      40 |     // Verify popup/modal is visible using multiple strategies
      41 |     const popup = await page.locator('[role="dialog"]')
        at D:\reporter\AAA_playwright-projects\playwright-ts\tests\ai-advantage-ebook-download.spec.ts:38:16

    attachment #1: screenshot (image/png) ──────────────────────────────────────────────────────────
    ..\test-results\ai-advantage-ebook-downloa-ea592-eBook-with-user-information-retry1\test-failed-1.png
    ────────────────────────────────────────────────────────────────────────────────────────────────

    attachment #2: video (video/webm) ──────────────────────────────────────────────────────────────
    ..\test-results\ai-advantage-ebook-downloa-ea592-eBook-with-user-information-retry1\video.webm
    ────────────────────────────────────────────────────────────────────────────────────────────────

    Error Context: ..\test-results\ai-advantage-ebook-downloa-ea592-eBook-with-user-information-retry1\error-context.md

    attachment #4: trace (application/zip) ─────────────────────────────────────────────────────────
    ..\test-results\ai-advantage-ebook-downloa-ea592-eBook-with-user-information-retry1\trace.zip
    Usage:

        npx playwright show-trace ..\test-results\ai-advantage-ebook-downloa-ea592-eBook-with-user-information-retry1\trace.zip

    ────────────────────────────────────────────────────────────────────────────────────────────────

    Retry #2 ───────────────────────────────────────────────────────────────────────────────────────

    Test timeout of 9000ms exceeded.

    Error: page.waitForTimeout: Test timeout of 9000ms exceeded.

      36 |     
      37 |     // Wait for popup to appear (modal or form)
    > 38 |     await page.waitForTimeout(2000); // Brief wait for animation
         |                ^
      39 |     
      40 |     // Verify popup/modal is visible using multiple strategies
      41 |     const popup = await page.locator('[role="dialog"]')
        at D:\reporter\AAA_playwright-projects\playwright-ts\tests\ai-advantage-ebook-download.spec.ts:38:16

    attachment #1: screenshot (image/png) ──────────────────────────────────────────────────────────
    ..\test-results\ai-advantage-ebook-downloa-ea592-eBook-with-user-information-retry2\test-failed-1.png
    ────────────────────────────────────────────────────────────────────────────────────────────────

    attachment #2: video (video/webm) ──────────────────────────────────────────────────────────────
    ..\test-results\ai-advantage-ebook-downloa-ea592-eBook-with-user-information-retry2\video.webm
    ────────────────────────────────────────────────────────────────────────────────────────────────

    Error Context: ..\test-results\ai-advantage-ebook-downloa-ea592-eBook-with-user-information-retry2\error-context.md

    attachment #4: trace (application/zip) ─────────────────────────────────────────────────────────
    ..\test-results\ai-advantage-ebook-downloa-ea592-eBook-with-user-information-retry2\trace.zip
    Usage:

        npx playwright show-trace ..\test-results\ai-advantage-ebook-downloa-ea592-eBook-with-user-information-retry2\trace.zip

    ────────────────────────────────────────────────────────────────────────────────────────────────
]]>
</failure>
<system-out>
<![CDATA[
[[ATTACHMENT|test-results\ai-advantage-ebook-downloa-ea592-eBook-with-user-information\test-failed-1.png]]

[[ATTACHMENT|test-results\ai-advantage-ebook-downloa-ea592-eBook-with-user-information\video.webm]]

[[ATTACHMENT|test-results\ai-advantage-ebook-downloa-ea592-eBook-with-user-information\error-context.md]]

[[ATTACHMENT|test-results\ai-advantage-ebook-downloa-ea592-eBook-with-user-information\trace.zip]]

[[ATTACHMENT|test-results\ai-advantage-ebook-downloa-ea592-eBook-with-user-information-retry1\test-failed-1.png]]

[[ATTACHMENT|test-results\ai-advantage-ebook-downloa-ea592-eBook-with-user-information-retry1\video.webm]]

[[ATTACHMENT|test-results\ai-advantage-ebook-downloa-ea592-eBook-with-user-information-retry1\error-context.md]]

[[ATTACHMENT|test-results\ai-advantage-ebook-downloa-ea592-eBook-with-user-information-retry1\trace.zip]]

[[ATTACHMENT|test-results\ai-advantage-ebook-downloa-ea592-eBook-with-user-information-retry2\test-failed-1.png]]

[[ATTACHMENT|test-results\ai-advantage-ebook-downloa-ea592-eBook-with-user-information-retry2\video.webm]]

[[ATTACHMENT|test-results\ai-advantage-ebook-downloa-ea592-eBook-with-user-information-retry2\error-context.md]]

[[ATTACHMENT|test-results\ai-advantage-ebook-downloa-ea592-eBook-with-user-information-retry2\trace.zip]]
]]>
</system-out>
</testcase>
<testcase name="AI Advantage eBook Download › should handle form validation errors gracefully" classname="ai-advantage-ebook-download.spec.ts" time="30.116">
<failure message="ai-advantage-ebook-download.spec.ts:105:7 should handle form validation errors gracefully" type="FAILURE">
<![CDATA[  ai-advantage-ebook-download.spec.ts:105:7 › AI Advantage eBook Download › should handle form validation errors gracefully 

    Test timeout of 9000ms exceeded.

    Error: page.waitForTimeout: Test timeout of 9000ms exceeded.

      114 |     
      115 |     await downloadButton.click();
    > 116 |     await page.waitForTimeout(2000);
          |                ^
      117 |     
      118 |     // Try to submit without filling required fields
      119 |     const submitButton = await page.getByRole('button', { name: /submit/i })
        at D:\reporter\AAA_playwright-projects\playwright-ts\tests\ai-advantage-ebook-download.spec.ts:116:16

    attachment #1: screenshot (image/png) ──────────────────────────────────────────────────────────
    ..\test-results\ai-advantage-ebook-downloa-989b5-alidation-errors-gracefully\test-failed-1.png
    ────────────────────────────────────────────────────────────────────────────────────────────────

    attachment #2: video (video/webm) ──────────────────────────────────────────────────────────────
    ..\test-results\ai-advantage-ebook-downloa-989b5-alidation-errors-gracefully\video.webm
    ────────────────────────────────────────────────────────────────────────────────────────────────

    Error Context: ..\test-results\ai-advantage-ebook-downloa-989b5-alidation-errors-gracefully\error-context.md

    attachment #4: trace (application/zip) ─────────────────────────────────────────────────────────
    ..\test-results\ai-advantage-ebook-downloa-989b5-alidation-errors-gracefully\trace.zip
    Usage:

        npx playwright show-trace ..\test-results\ai-advantage-ebook-downloa-989b5-alidation-errors-gracefully\trace.zip

    ────────────────────────────────────────────────────────────────────────────────────────────────

    Retry #1 ───────────────────────────────────────────────────────────────────────────────────────

    Test timeout of 9000ms exceeded.

    Error: page.waitForTimeout: Test timeout of 9000ms exceeded.

      114 |     
      115 |     await downloadButton.click();
    > 116 |     await page.waitForTimeout(2000);
          |                ^
      117 |     
      118 |     // Try to submit without filling required fields
      119 |     const submitButton = await page.getByRole('button', { name: /submit/i })
        at D:\reporter\AAA_playwright-projects\playwright-ts\tests\ai-advantage-ebook-download.spec.ts:116:16

    attachment #1: screenshot (image/png) ──────────────────────────────────────────────────────────
    ..\test-results\ai-advantage-ebook-downloa-989b5-alidation-errors-gracefully-retry1\test-failed-1.png
    ────────────────────────────────────────────────────────────────────────────────────────────────

    attachment #2: video (video/webm) ──────────────────────────────────────────────────────────────
    ..\test-results\ai-advantage-ebook-downloa-989b5-alidation-errors-gracefully-retry1\video.webm
    ────────────────────────────────────────────────────────────────────────────────────────────────

    Error Context: ..\test-results\ai-advantage-ebook-downloa-989b5-alidation-errors-gracefully-retry1\error-context.md

    attachment #4: trace (application/zip) ─────────────────────────────────────────────────────────
    ..\test-results\ai-advantage-ebook-downloa-989b5-alidation-errors-gracefully-retry1\trace.zip
    Usage:

        npx playwright show-trace ..\test-results\ai-advantage-ebook-downloa-989b5-alidation-errors-gracefully-retry1\trace.zip

    ────────────────────────────────────────────────────────────────────────────────────────────────

    Retry #2 ───────────────────────────────────────────────────────────────────────────────────────

    Test timeout of 9000ms exceeded.

    Error: page.waitForTimeout: Test timeout of 9000ms exceeded.

      114 |     
      115 |     await downloadButton.click();
    > 116 |     await page.waitForTimeout(2000);
          |                ^
      117 |     
      118 |     // Try to submit without filling required fields
      119 |     const submitButton = await page.getByRole('button', { name: /submit/i })
        at D:\reporter\AAA_playwright-projects\playwright-ts\tests\ai-advantage-ebook-download.spec.ts:116:16

    attachment #1: screenshot (image/png) ──────────────────────────────────────────────────────────
    ..\test-results\ai-advantage-ebook-downloa-989b5-alidation-errors-gracefully-retry2\test-failed-1.png
    ────────────────────────────────────────────────────────────────────────────────────────────────

    attachment #2: video (video/webm) ──────────────────────────────────────────────────────────────
    ..\test-results\ai-advantage-ebook-downloa-989b5-alidation-errors-gracefully-retry2\video.webm
    ────────────────────────────────────────────────────────────────────────────────────────────────

    Error Context: ..\test-results\ai-advantage-ebook-downloa-989b5-alidation-errors-gracefully-retry2\error-context.md

    attachment #4: trace (application/zip) ─────────────────────────────────────────────────────────
    ..\test-results\ai-advantage-ebook-downloa-989b5-alidation-errors-gracefully-retry2\trace.zip
    Usage:

        npx playwright show-trace ..\test-results\ai-advantage-ebook-downloa-989b5-alidation-errors-gracefully-retry2\trace.zip

    ────────────────────────────────────────────────────────────────────────────────────────────────
]]>
</failure>
<system-out>
<![CDATA[
[[ATTACHMENT|test-results\ai-advantage-ebook-downloa-989b5-alidation-errors-gracefully\test-failed-1.png]]

[[ATTACHMENT|test-results\ai-advantage-ebook-downloa-989b5-alidation-errors-gracefully\video.webm]]

[[ATTACHMENT|test-results\ai-advantage-ebook-downloa-989b5-alidation-errors-gracefully\error-context.md]]

[[ATTACHMENT|test-results\ai-advantage-ebook-downloa-989b5-alidation-errors-gracefully\trace.zip]]

[[ATTACHMENT|test-results\ai-advantage-ebook-downloa-989b5-alidation-errors-gracefully-retry1\test-failed-1.png]]

[[ATTACHMENT|test-results\ai-advantage-ebook-downloa-989b5-alidation-errors-gracefully-retry1\video.webm]]

[[ATTACHMENT|test-results\ai-advantage-ebook-downloa-989b5-alidation-errors-gracefully-retry1\error-context.md]]

[[ATTACHMENT|test-results\ai-advantage-ebook-downloa-989b5-alidation-errors-gracefully-retry1\trace.zip]]

[[ATTACHMENT|test-results\ai-advantage-ebook-downloa-989b5-alidation-errors-gracefully-retry2\test-failed-1.png]]

[[ATTACHMENT|test-results\ai-advantage-ebook-downloa-989b5-alidation-errors-gracefully-retry2\video.webm]]

[[ATTACHMENT|test-results\ai-advantage-ebook-downloa-989b5-alidation-errors-gracefully-retry2\error-context.md]]

[[ATTACHMENT|test-results\ai-advantage-ebook-downloa-989b5-alidation-errors-gracefully-retry2\trace.zip]]
]]>
</system-out>
</testcase>
<testcase name="AI Advantage eBook Download › should close popup when clicking outside or cancel" classname="ai-advantage-ebook-download.spec.ts" time="30">
<failure message="ai-advantage-ebook-download.spec.ts:129:7 should close popup when clicking outside or cancel" type="FAILURE">
<![CDATA[  ai-advantage-ebook-download.spec.ts:129:7 › AI Advantage eBook Download › should close popup when clicking outside or cancel 

    Test timeout of 9000ms exceeded.

    Error: page.waitForTimeout: Test timeout of 9000ms exceeded.

      138 |     
      139 |     await downloadButton.click();
    > 140 |     await page.waitForTimeout(2000);
          |                ^
      141 |     
      142 |     // Try to close popup by clicking outside or escape key
      143 |     try {
        at D:\reporter\AAA_playwright-projects\playwright-ts\tests\ai-advantage-ebook-download.spec.ts:140:16

    attachment #1: screenshot (image/png) ──────────────────────────────────────────────────────────
    ..\test-results\ai-advantage-ebook-downloa-be1d9--clicking-outside-or-cancel\test-failed-1.png
    ────────────────────────────────────────────────────────────────────────────────────────────────

    attachment #2: video (video/webm) ──────────────────────────────────────────────────────────────
    ..\test-results\ai-advantage-ebook-downloa-be1d9--clicking-outside-or-cancel\video.webm
    ────────────────────────────────────────────────────────────────────────────────────────────────

    Error Context: ..\test-results\ai-advantage-ebook-downloa-be1d9--clicking-outside-or-cancel\error-context.md

    attachment #4: trace (application/zip) ─────────────────────────────────────────────────────────
    ..\test-results\ai-advantage-ebook-downloa-be1d9--clicking-outside-or-cancel\trace.zip
    Usage:

        npx playwright show-trace ..\test-results\ai-advantage-ebook-downloa-be1d9--clicking-outside-or-cancel\trace.zip

    ────────────────────────────────────────────────────────────────────────────────────────────────

    Retry #1 ───────────────────────────────────────────────────────────────────────────────────────

    Test timeout of 9000ms exceeded.

    Error: page.goto: Test timeout of 9000ms exceeded.
    Call log:
      - navigating to "https://canoeintelligence.com/ai-advantage-ebook/", waiting until "load"


      129 |   test('should close popup when clicking outside or cancel', async ({ page }) => {
      130 |     // Navigate to the page
    > 131 |     await page.goto('https://canoeintelligence.com/ai-advantage-ebook/');
          |                ^
      132 |     await page.waitForLoadState('networkidle');
      133 |     
      134 |     // Click download button
        at D:\reporter\AAA_playwright-projects\playwright-ts\tests\ai-advantage-ebook-download.spec.ts:131:16

    attachment #1: screenshot (image/png) ──────────────────────────────────────────────────────────
    ..\test-results\ai-advantage-ebook-downloa-be1d9--clicking-outside-or-cancel-retry1\test-failed-1.png
    ────────────────────────────────────────────────────────────────────────────────────────────────

    attachment #2: video (video/webm) ──────────────────────────────────────────────────────────────
    ..\test-results\ai-advantage-ebook-downloa-be1d9--clicking-outside-or-cancel-retry1\video.webm
    ────────────────────────────────────────────────────────────────────────────────────────────────

    Error Context: ..\test-results\ai-advantage-ebook-downloa-be1d9--clicking-outside-or-cancel-retry1\error-context.md

    attachment #4: trace (application/zip) ─────────────────────────────────────────────────────────
    ..\test-results\ai-advantage-ebook-downloa-be1d9--clicking-outside-or-cancel-retry1\trace.zip
    Usage:

        npx playwright show-trace ..\test-results\ai-advantage-ebook-downloa-be1d9--clicking-outside-or-cancel-retry1\trace.zip

    ────────────────────────────────────────────────────────────────────────────────────────────────

    Retry #2 ───────────────────────────────────────────────────────────────────────────────────────

    Test timeout of 9000ms exceeded.

    Error: page.waitForTimeout: Test timeout of 9000ms exceeded.

      138 |     
      139 |     await downloadButton.click();
    > 140 |     await page.waitForTimeout(2000);
          |                ^
      141 |     
      142 |     // Try to close popup by clicking outside or escape key
      143 |     try {
        at D:\reporter\AAA_playwright-projects\playwright-ts\tests\ai-advantage-ebook-download.spec.ts:140:16

    attachment #1: screenshot (image/png) ──────────────────────────────────────────────────────────
    ..\test-results\ai-advantage-ebook-downloa-be1d9--clicking-outside-or-cancel-retry2\test-failed-1.png
    ────────────────────────────────────────────────────────────────────────────────────────────────

    attachment #2: video (video/webm) ──────────────────────────────────────────────────────────────
    ..\test-results\ai-advantage-ebook-downloa-be1d9--clicking-outside-or-cancel-retry2\video.webm
    ────────────────────────────────────────────────────────────────────────────────────────────────

    Error Context: ..\test-results\ai-advantage-ebook-downloa-be1d9--clicking-outside-or-cancel-retry2\error-context.md

    attachment #4: trace (application/zip) ─────────────────────────────────────────────────────────
    ..\test-results\ai-advantage-ebook-downloa-be1d9--clicking-outside-or-cancel-retry2\trace.zip
    Usage:

        npx playwright show-trace ..\test-results\ai-advantage-ebook-downloa-be1d9--clicking-outside-or-cancel-retry2\trace.zip

    ────────────────────────────────────────────────────────────────────────────────────────────────
]]>
</failure>
<system-out>
<![CDATA[
[[ATTACHMENT|test-results\ai-advantage-ebook-downloa-be1d9--clicking-outside-or-cancel\test-failed-1.png]]

[[ATTACHMENT|test-results\ai-advantage-ebook-downloa-be1d9--clicking-outside-or-cancel\video.webm]]

[[ATTACHMENT|test-results\ai-advantage-ebook-downloa-be1d9--clicking-outside-or-cancel\error-context.md]]

[[ATTACHMENT|test-results\ai-advantage-ebook-downloa-be1d9--clicking-outside-or-cancel\trace.zip]]

[[ATTACHMENT|test-results\ai-advantage-ebook-downloa-be1d9--clicking-outside-or-cancel-retry1\test-failed-1.png]]

[[ATTACHMENT|test-results\ai-advantage-ebook-downloa-be1d9--clicking-outside-or-cancel-retry1\video.webm]]

[[ATTACHMENT|test-results\ai-advantage-ebook-downloa-be1d9--clicking-outside-or-cancel-retry1\error-context.md]]

[[ATTACHMENT|test-results\ai-advantage-ebook-downloa-be1d9--clicking-outside-or-cancel-retry1\trace.zip]]

[[ATTACHMENT|test-results\ai-advantage-ebook-downloa-be1d9--clicking-outside-or-cancel-retry2\test-failed-1.png]]

[[ATTACHMENT|test-results\ai-advantage-ebook-downloa-be1d9--clicking-outside-or-cancel-retry2\video.webm]]

[[ATTACHMENT|test-results\ai-advantage-ebook-downloa-be1d9--clicking-outside-or-cancel-retry2\error-context.md]]

[[ATTACHMENT|test-results\ai-advantage-ebook-downloa-be1d9--clicking-outside-or-cancel-retry2\trace.zip]]
]]>
</system-out>
</testcase>
</testsuite>
<testsuite name="ap-agent-test-automation.spec.ts" timestamp="2026-03-31T13:47:14.254Z" hostname="" tests="3" failures="3" skipped="0" time="86.846" errors="0">
<testcase name="AP Agent Test Automation Platform › should load test automation platform and interact with test execution" classname="ap-agent-test-automation.spec.ts" time="28.803">
<failure message="ap-agent-test-automation.spec.ts:4:7 should load test automation platform and interact with test execution" type="FAILURE">
<![CDATA[  ap-agent-test-automation.spec.ts:4:7 › AP Agent Test Automation Platform › should load test automation platform and interact with test execution 

    Test timeout of 9000ms exceeded.

    Error: page.waitForTimeout: Test timeout of 9000ms exceeded.

       7 |     
       8 |     // Wait for page to load as per instructions (10s after navigation)
    >  9 |     await page.waitForTimeout(10000);
         |                ^
      10 |     
      11 |     // Verify page loaded correctly with proper title
      12 |     await expect(page).toHaveTitle('Test Automation Agent', { timeout: 90000 });
        at D:\reporter\AAA_playwright-projects\playwright-ts\tests\ap-agent-test-automation.spec.ts:9:16

    attachment #1: screenshot (image/png) ──────────────────────────────────────────────────────────
    ..\test-results\ap-agent-test-automation-A-e9931-nteract-with-test-execution\test-failed-1.png
    ────────────────────────────────────────────────────────────────────────────────────────────────

    attachment #2: video (video/webm) ──────────────────────────────────────────────────────────────
    ..\test-results\ap-agent-test-automation-A-e9931-nteract-with-test-execution\video.webm
    ────────────────────────────────────────────────────────────────────────────────────────────────

    Error Context: ..\test-results\ap-agent-test-automation-A-e9931-nteract-with-test-execution\error-context.md

    attachment #4: trace (application/zip) ─────────────────────────────────────────────────────────
    ..\test-results\ap-agent-test-automation-A-e9931-nteract-with-test-execution\trace.zip
    Usage:

        npx playwright show-trace ..\test-results\ap-agent-test-automation-A-e9931-nteract-with-test-execution\trace.zip

    ────────────────────────────────────────────────────────────────────────────────────────────────

    Retry #1 ───────────────────────────────────────────────────────────────────────────────────────

    Test timeout of 9000ms exceeded.

    Error: page.waitForTimeout: Test timeout of 9000ms exceeded.

       7 |     
       8 |     // Wait for page to load as per instructions (10s after navigation)
    >  9 |     await page.waitForTimeout(10000);
         |                ^
      10 |     
      11 |     // Verify page loaded correctly with proper title
      12 |     await expect(page).toHaveTitle('Test Automation Agent', { timeout: 90000 });
        at D:\reporter\AAA_playwright-projects\playwright-ts\tests\ap-agent-test-automation.spec.ts:9:16

    attachment #1: screenshot (image/png) ──────────────────────────────────────────────────────────
    ..\test-results\ap-agent-test-automation-A-e9931-nteract-with-test-execution-retry1\test-failed-1.png
    ────────────────────────────────────────────────────────────────────────────────────────────────

    attachment #2: video (video/webm) ──────────────────────────────────────────────────────────────
    ..\test-results\ap-agent-test-automation-A-e9931-nteract-with-test-execution-retry1\video.webm
    ────────────────────────────────────────────────────────────────────────────────────────────────

    Error Context: ..\test-results\ap-agent-test-automation-A-e9931-nteract-with-test-execution-retry1\error-context.md

    attachment #4: trace (application/zip) ─────────────────────────────────────────────────────────
    ..\test-results\ap-agent-test-automation-A-e9931-nteract-with-test-execution-retry1\trace.zip
    Usage:

        npx playwright show-trace ..\test-results\ap-agent-test-automation-A-e9931-nteract-with-test-execution-retry1\trace.zip

    ────────────────────────────────────────────────────────────────────────────────────────────────

    Retry #2 ───────────────────────────────────────────────────────────────────────────────────────

    Test timeout of 9000ms exceeded.

    Error: page.waitForTimeout: Test timeout of 9000ms exceeded.

       7 |     
       8 |     // Wait for page to load as per instructions (10s after navigation)
    >  9 |     await page.waitForTimeout(10000);
         |                ^
      10 |     
      11 |     // Verify page loaded correctly with proper title
      12 |     await expect(page).toHaveTitle('Test Automation Agent', { timeout: 90000 });
        at D:\reporter\AAA_playwright-projects\playwright-ts\tests\ap-agent-test-automation.spec.ts:9:16

    attachment #1: screenshot (image/png) ──────────────────────────────────────────────────────────
    ..\test-results\ap-agent-test-automation-A-e9931-nteract-with-test-execution-retry2\test-failed-1.png
    ────────────────────────────────────────────────────────────────────────────────────────────────

    attachment #2: video (video/webm) ──────────────────────────────────────────────────────────────
    ..\test-results\ap-agent-test-automation-A-e9931-nteract-with-test-execution-retry2\video.webm
    ────────────────────────────────────────────────────────────────────────────────────────────────

    Error Context: ..\test-results\ap-agent-test-automation-A-e9931-nteract-with-test-execution-retry2\error-context.md

    attachment #4: trace (application/zip) ─────────────────────────────────────────────────────────
    ..\test-results\ap-agent-test-automation-A-e9931-nteract-with-test-execution-retry2\trace.zip
    Usage:

        npx playwright show-trace ..\test-results\ap-agent-test-automation-A-e9931-nteract-with-test-execution-retry2\trace.zip

    ────────────────────────────────────────────────────────────────────────────────────────────────
]]>
</failure>
<system-out>
<![CDATA[
[[ATTACHMENT|test-results\ap-agent-test-automation-A-e9931-nteract-with-test-execution\test-failed-1.png]]

[[ATTACHMENT|test-results\ap-agent-test-automation-A-e9931-nteract-with-test-execution\video.webm]]

[[ATTACHMENT|test-results\ap-agent-test-automation-A-e9931-nteract-with-test-execution\error-context.md]]

[[ATTACHMENT|test-results\ap-agent-test-automation-A-e9931-nteract-with-test-execution\trace.zip]]

[[ATTACHMENT|test-results\ap-agent-test-automation-A-e9931-nteract-with-test-execution-retry1\test-failed-1.png]]

[[ATTACHMENT|test-results\ap-agent-test-automation-A-e9931-nteract-with-test-execution-retry1\video.webm]]

[[ATTACHMENT|test-results\ap-agent-test-automation-A-e9931-nteract-with-test-execution-retry1\error-context.md]]

[[ATTACHMENT|test-results\ap-agent-test-automation-A-e9931-nteract-with-test-execution-retry1\trace.zip]]

[[ATTACHMENT|test-results\ap-agent-test-automation-A-e9931-nteract-with-test-execution-retry2\test-failed-1.png]]

[[ATTACHMENT|test-results\ap-agent-test-automation-A-e9931-nteract-with-test-execution-retry2\video.webm]]

[[ATTACHMENT|test-results\ap-agent-test-automation-A-e9931-nteract-with-test-execution-retry2\error-context.md]]

[[ATTACHMENT|test-results\ap-agent-test-automation-A-e9931-nteract-with-test-execution-retry2\trace.zip]]
]]>
</system-out>
</testcase>
<testcase name="AP Agent Test Automation Platform › should test drag and drop scenario selection" classname="ap-agent-test-automation.spec.ts" time="28.948">
<failure message="ap-agent-test-automation.spec.ts:70:7 should test drag and drop scenario selection" type="FAILURE">
<![CDATA[  ap-agent-test-automation.spec.ts:70:7 › AP Agent Test Automation Platform › should test drag and drop scenario selection 

    Test timeout of 9000ms exceeded.

    Error: page.waitForTimeout: Test timeout of 9000ms exceeded.

      73 |     
      74 |     // Wait for page to load
    > 75 |     await page.waitForTimeout(10000);
         |                ^
      76 |     
      77 |     // Verify page is loaded
      78 |     await expect(page).toHaveTitle('Test Automation Agent', { timeout: 90000 });
        at D:\reporter\AAA_playwright-projects\playwright-ts\tests\ap-agent-test-automation.spec.ts:75:16

    attachment #1: screenshot (image/png) ──────────────────────────────────────────────────────────
    ..\test-results\ap-agent-test-automation-A-75069-and-drop-scenario-selection\test-failed-1.png
    ────────────────────────────────────────────────────────────────────────────────────────────────

    attachment #2: video (video/webm) ──────────────────────────────────────────────────────────────
    ..\test-results\ap-agent-test-automation-A-75069-and-drop-scenario-selection\video.webm
    ────────────────────────────────────────────────────────────────────────────────────────────────

    Error Context: ..\test-results\ap-agent-test-automation-A-75069-and-drop-scenario-selection\error-context.md

    attachment #4: trace (application/zip) ─────────────────────────────────────────────────────────
    ..\test-results\ap-agent-test-automation-A-75069-and-drop-scenario-selection\trace.zip
    Usage:

        npx playwright show-trace ..\test-results\ap-agent-test-automation-A-75069-and-drop-scenario-selection\trace.zip

    ────────────────────────────────────────────────────────────────────────────────────────────────

    Retry #1 ───────────────────────────────────────────────────────────────────────────────────────

    Test timeout of 9000ms exceeded.

    Error: page.waitForTimeout: Test timeout of 9000ms exceeded.

      73 |     
      74 |     // Wait for page to load
    > 75 |     await page.waitForTimeout(10000);
         |                ^
      76 |     
      77 |     // Verify page is loaded
      78 |     await expect(page).toHaveTitle('Test Automation Agent', { timeout: 90000 });
        at D:\reporter\AAA_playwright-projects\playwright-ts\tests\ap-agent-test-automation.spec.ts:75:16

    attachment #1: screenshot (image/png) ──────────────────────────────────────────────────────────
    ..\test-results\ap-agent-test-automation-A-75069-and-drop-scenario-selection-retry1\test-failed-1.png
    ────────────────────────────────────────────────────────────────────────────────────────────────

    attachment #2: video (video/webm) ──────────────────────────────────────────────────────────────
    ..\test-results\ap-agent-test-automation-A-75069-and-drop-scenario-selection-retry1\video.webm
    ────────────────────────────────────────────────────────────────────────────────────────────────

    Error Context: ..\test-results\ap-agent-test-automation-A-75069-and-drop-scenario-selection-retry1\error-context.md

    attachment #4: trace (application/zip) ─────────────────────────────────────────────────────────
    ..\test-results\ap-agent-test-automation-A-75069-and-drop-scenario-selection-retry1\trace.zip
    Usage:

        npx playwright show-trace ..\test-results\ap-agent-test-automation-A-75069-and-drop-scenario-selection-retry1\trace.zip

    ────────────────────────────────────────────────────────────────────────────────────────────────

    Retry #2 ───────────────────────────────────────────────────────────────────────────────────────

    Test timeout of 9000ms exceeded.

    Error: page.waitForTimeout: Test timeout of 9000ms exceeded.

      73 |     
      74 |     // Wait for page to load
    > 75 |     await page.waitForTimeout(10000);
         |                ^
      76 |     
      77 |     // Verify page is loaded
      78 |     await expect(page).toHaveTitle('Test Automation Agent', { timeout: 90000 });
        at D:\reporter\AAA_playwright-projects\playwright-ts\tests\ap-agent-test-automation.spec.ts:75:16

    attachment #1: screenshot (image/png) ──────────────────────────────────────────────────────────
    ..\test-results\ap-agent-test-automation-A-75069-and-drop-scenario-selection-retry2\test-failed-1.png
    ────────────────────────────────────────────────────────────────────────────────────────────────

    attachment #2: video (video/webm) ──────────────────────────────────────────────────────────────
    ..\test-results\ap-agent-test-automation-A-75069-and-drop-scenario-selection-retry2\video.webm
    ────────────────────────────────────────────────────────────────────────────────────────────────

    Error Context: ..\test-results\ap-agent-test-automation-A-75069-and-drop-scenario-selection-retry2\error-context.md

    attachment #4: trace (application/zip) ─────────────────────────────────────────────────────────
    ..\test-results\ap-agent-test-automation-A-75069-and-drop-scenario-selection-retry2\trace.zip
    Usage:

        npx playwright show-trace ..\test-results\ap-agent-test-automation-A-75069-and-drop-scenario-selection-retry2\trace.zip

    ────────────────────────────────────────────────────────────────────────────────────────────────
]]>
</failure>
<system-out>
<![CDATA[
[[ATTACHMENT|test-results\ap-agent-test-automation-A-75069-and-drop-scenario-selection\test-failed-1.png]]

[[ATTACHMENT|test-results\ap-agent-test-automation-A-75069-and-drop-scenario-selection\video.webm]]

[[ATTACHMENT|test-results\ap-agent-test-automation-A-75069-and-drop-scenario-selection\error-context.md]]

[[ATTACHMENT|test-results\ap-agent-test-automation-A-75069-and-drop-scenario-selection\trace.zip]]

[[ATTACHMENT|test-results\ap-agent-test-automation-A-75069-and-drop-scenario-selection-retry1\test-failed-1.png]]

[[ATTACHMENT|test-results\ap-agent-test-automation-A-75069-and-drop-scenario-selection-retry1\video.webm]]

[[ATTACHMENT|test-results\ap-agent-test-automation-A-75069-and-drop-scenario-selection-retry1\error-context.md]]

[[ATTACHMENT|test-results\ap-agent-test-automation-A-75069-and-drop-scenario-selection-retry1\trace.zip]]

[[ATTACHMENT|test-results\ap-agent-test-automation-A-75069-and-drop-scenario-selection-retry2\test-failed-1.png]]

[[ATTACHMENT|test-results\ap-agent-test-automation-A-75069-and-drop-scenario-selection-retry2\video.webm]]

[[ATTACHMENT|test-results\ap-agent-test-automation-A-75069-and-drop-scenario-selection-retry2\error-context.md]]

[[ATTACHMENT|test-results\ap-agent-test-automation-A-75069-and-drop-scenario-selection-retry2\trace.zip]]
]]>
</system-out>
</testcase>
<testcase name="AP Agent Test Automation Platform › should verify all interactive elements are accessible" classname="ap-agent-test-automation.spec.ts" time="29.095">
<failure message="ap-agent-test-automation.spec.ts:95:7 should verify all interactive elements are accessible" type="FAILURE">
<![CDATA[  ap-agent-test-automation.spec.ts:95:7 › AP Agent Test Automation Platform › should verify all interactive elements are accessible 

    Test timeout of 9000ms exceeded.

    Error: page.waitForTimeout: Test timeout of 9000ms exceeded.

       98 |     
       99 |     // Wait for page to load
    > 100 |     await page.waitForTimeout(10000);
          |                ^
      101 |     
      102 |     // Verify page is loaded
      103 |     await expect(page).toHaveTitle('Test Automation Agent', { timeout: 90000 });
        at D:\reporter\AAA_playwright-projects\playwright-ts\tests\ap-agent-test-automation.spec.ts:100:16

    attachment #1: screenshot (image/png) ──────────────────────────────────────────────────────────
    ..\test-results\ap-agent-test-automation-A-73719-ive-elements-are-accessible\test-failed-1.png
    ────────────────────────────────────────────────────────────────────────────────────────────────

    attachment #2: video (video/webm) ──────────────────────────────────────────────────────────────
    ..\test-results\ap-agent-test-automation-A-73719-ive-elements-are-accessible\video.webm
    ────────────────────────────────────────────────────────────────────────────────────────────────

    Error Context: ..\test-results\ap-agent-test-automation-A-73719-ive-elements-are-accessible\error-context.md

    attachment #4: trace (application/zip) ─────────────────────────────────────────────────────────
    ..\test-results\ap-agent-test-automation-A-73719-ive-elements-are-accessible\trace.zip
    Usage:

        npx playwright show-trace ..\test-results\ap-agent-test-automation-A-73719-ive-elements-are-accessible\trace.zip

    ────────────────────────────────────────────────────────────────────────────────────────────────

    Retry #1 ───────────────────────────────────────────────────────────────────────────────────────

    Test timeout of 9000ms exceeded.

    Error: page.waitForTimeout: Test timeout of 9000ms exceeded.

       98 |     
       99 |     // Wait for page to load
    > 100 |     await page.waitForTimeout(10000);
          |                ^
      101 |     
      102 |     // Verify page is loaded
      103 |     await expect(page).toHaveTitle('Test Automation Agent', { timeout: 90000 });
        at D:\reporter\AAA_playwright-projects\playwright-ts\tests\ap-agent-test-automation.spec.ts:100:16

    attachment #1: screenshot (image/png) ──────────────────────────────────────────────────────────
    ..\test-results\ap-agent-test-automation-A-73719-ive-elements-are-accessible-retry1\test-failed-1.png
    ────────────────────────────────────────────────────────────────────────────────────────────────

    attachment #2: video (video/webm) ──────────────────────────────────────────────────────────────
    ..\test-results\ap-agent-test-automation-A-73719-ive-elements-are-accessible-retry1\video.webm
    ────────────────────────────────────────────────────────────────────────────────────────────────

    Error Context: ..\test-results\ap-agent-test-automation-A-73719-ive-elements-are-accessible-retry1\error-context.md

    attachment #4: trace (application/zip) ─────────────────────────────────────────────────────────
    ..\test-results\ap-agent-test-automation-A-73719-ive-elements-are-accessible-retry1\trace.zip
    Usage:

        npx playwright show-trace ..\test-results\ap-agent-test-automation-A-73719-ive-elements-are-accessible-retry1\trace.zip

    ────────────────────────────────────────────────────────────────────────────────────────────────

    Retry #2 ───────────────────────────────────────────────────────────────────────────────────────

    Test timeout of 9000ms exceeded.

    Error: page.waitForTimeout: Test timeout of 9000ms exceeded.

       98 |     
       99 |     // Wait for page to load
    > 100 |     await page.waitForTimeout(10000);
          |                ^
      101 |     
      102 |     // Verify page is loaded
      103 |     await expect(page).toHaveTitle('Test Automation Agent', { timeout: 90000 });
        at D:\reporter\AAA_playwright-projects\playwright-ts\tests\ap-agent-test-automation.spec.ts:100:16

    attachment #1: screenshot (image/png) ──────────────────────────────────────────────────────────
    ..\test-results\ap-agent-test-automation-A-73719-ive-elements-are-accessible-retry2\test-failed-1.png
    ────────────────────────────────────────────────────────────────────────────────────────────────

    attachment #2: video (video/webm) ──────────────────────────────────────────────────────────────
    ..\test-results\ap-agent-test-automation-A-73719-ive-elements-are-accessible-retry2\video.webm
    ────────────────────────────────────────────────────────────────────────────────────────────────

    Error Context: ..\test-results\ap-agent-test-automation-A-73719-ive-elements-are-accessible-retry2\error-context.md

    attachment #4: trace (application/zip) ─────────────────────────────────────────────────────────
    ..\test-results\ap-agent-test-automation-A-73719-ive-elements-are-accessible-retry2\trace.zip
    Usage:

        npx playwright show-trace ..\test-results\ap-agent-test-automation-A-73719-ive-elements-are-accessible-retry2\trace.zip

    ────────────────────────────────────────────────────────────────────────────────────────────────
]]>
</failure>
<system-out>
<![CDATA[
[[ATTACHMENT|test-results\ap-agent-test-automation-A-73719-ive-elements-are-accessible\test-failed-1.png]]

[[ATTACHMENT|test-results\ap-agent-test-automation-A-73719-ive-elements-are-accessible\video.webm]]

[[ATTACHMENT|test-results\ap-agent-test-automation-A-73719-ive-elements-are-accessible\error-context.md]]

[[ATTACHMENT|test-results\ap-agent-test-automation-A-73719-ive-elements-are-accessible\trace.zip]]

[[ATTACHMENT|test-results\ap-agent-test-automation-A-73719-ive-elements-are-accessible-retry1\test-failed-1.png]]

[[ATTACHMENT|test-results\ap-agent-test-automation-A-73719-ive-elements-are-accessible-retry1\video.webm]]

[[ATTACHMENT|test-results\ap-agent-test-automation-A-73719-ive-elements-are-accessible-retry1\error-context.md]]

[[ATTACHMENT|test-results\ap-agent-test-automation-A-73719-ive-elements-are-accessible-retry1\trace.zip]]

[[ATTACHMENT|test-results\ap-agent-test-automation-A-73719-ive-elements-are-accessible-retry2\test-failed-1.png]]

[[ATTACHMENT|test-results\ap-agent-test-automation-A-73719-ive-elements-are-accessible-retry2\video.webm]]

[[ATTACHMENT|test-results\ap-agent-test-automation-A-73719-ive-elements-are-accessible-retry2\error-context.md]]

[[ATTACHMENT|test-results\ap-agent-test-automation-A-73719-ive-elements-are-accessible-retry2\trace.zip]]
]]>
</system-out>
</testcase>
</testsuite>
<testsuite name="API\Auth\login.spec.ts" timestamp="2026-03-31T13:47:14.254Z" hostname="" tests="2" failures="1" skipped="0" time="2.761" errors="0">
<testcase name="API Authentication Tests › should login via API and retrieve CSRF token" classname="API\Auth\login.spec.ts" time="2.44">
<failure message="login.spec.ts:5:7 should login via API and retrieve CSRF token" type="FAILURE">
<![CDATA[  API\Auth\login.spec.ts:5:7 › API Authentication Tests › should login via API and retrieve CSRF token 

    Error: Token not found in login response

       at helpers\api\login.ts:126

      124 |   const token = loginData?.user?.token;
      125 |   if (!token) {
    > 126 |     throw new Error('Token not found in login response');
          |           ^
      127 |   }
      128 |
      129 |   console.log('   ✅ Login successful');
        at loginViaAPI (D:\reporter\AAA_playwright-projects\playwright-ts\tests\helpers\api\login.ts:126:11)
        at D:\reporter\AAA_playwright-projects\playwright-ts\tests\API\Auth\login.spec.ts:20:51

    attachment #1: trace (application/zip) ─────────────────────────────────────────────────────────
    ..\test-results\API-Auth-login-API-Authent-3c9a7-API-and-retrieve-CSRF-token\trace.zip
    Usage:

        npx playwright show-trace ..\test-results\API-Auth-login-API-Authent-3c9a7-API-and-retrieve-CSRF-token\trace.zip

    ────────────────────────────────────────────────────────────────────────────────────────────────

    Retry #1 ───────────────────────────────────────────────────────────────────────────────────────

    Error: Token not found in login response

       at helpers\api\login.ts:126

      124 |   const token = loginData?.user?.token;
      125 |   if (!token) {
    > 126 |     throw new Error('Token not found in login response');
          |           ^
      127 |   }
      128 |
      129 |   console.log('   ✅ Login successful');
        at loginViaAPI (D:\reporter\AAA_playwright-projects\playwright-ts\tests\helpers\api\login.ts:126:11)
        at D:\reporter\AAA_playwright-projects\playwright-ts\tests\API\Auth\login.spec.ts:20:51

    attachment #1: trace (application/zip) ─────────────────────────────────────────────────────────
    ..\test-results\API-Auth-login-API-Authent-3c9a7-API-and-retrieve-CSRF-token-retry1\trace.zip
    Usage:

        npx playwright show-trace ..\test-results\API-Auth-login-API-Authent-3c9a7-API-and-retrieve-CSRF-token-retry1\trace.zip

    ────────────────────────────────────────────────────────────────────────────────────────────────

    Retry #2 ───────────────────────────────────────────────────────────────────────────────────────

    Error: Token not found in login response

       at helpers\api\login.ts:126

      124 |   const token = loginData?.user?.token;
      125 |   if (!token) {
    > 126 |     throw new Error('Token not found in login response');
          |           ^
      127 |   }
      128 |
      129 |   console.log('   ✅ Login successful');
        at loginViaAPI (D:\reporter\AAA_playwright-projects\playwright-ts\tests\helpers\api\login.ts:126:11)
        at D:\reporter\AAA_playwright-projects\playwright-ts\tests\API\Auth\login.spec.ts:20:51

    attachment #1: trace (application/zip) ─────────────────────────────────────────────────────────
    ..\test-results\API-Auth-login-API-Authent-3c9a7-API-and-retrieve-CSRF-token-retry2\trace.zip
    Usage:

        npx playwright show-trace ..\test-results\API-Auth-login-API-Authent-3c9a7-API-and-retrieve-CSRF-token-retry2\trace.zip

    ────────────────────────────────────────────────────────────────────────────────────────────────
]]>
</failure>
<system-out>
<![CDATA[🔄 Starting API Login Test...
📋 Section 1: Login via API
🔐 Logging in via API...
   Email: rahul@alternative-path.com

[[ATTACHMENT|test-results\API-Auth-login-API-Authent-3c9a7-API-and-retrieve-CSRF-token\trace.zip]]
🔄 Starting API Login Test...
📋 Section 1: Login via API
🔐 Logging in via API...
   Email: rahul@alternative-path.com

[[ATTACHMENT|test-results\API-Auth-login-API-Authent-3c9a7-API-and-retrieve-CSRF-token-retry1\trace.zip]]
🔄 Starting API Login Test...
📋 Section 1: Login via API
🔐 Logging in via API...
   Email: rahul@alternative-path.com

[[ATTACHMENT|test-results\API-Auth-login-API-Authent-3c9a7-API-and-retrieve-CSRF-token-retry2\trace.zip]]
]]>
</system-out>
<system-err>
<![CDATA[(node:26272) Warning: Setting the NODE_TLS_REJECT_UNAUTHORIZED environment variable to '0' makes TLS connections and HTTPS requests insecure by disabling certificate verification.
(Use `node --trace-warnings ...` to show where the warning was created)
(node:28208) Warning: Setting the NODE_TLS_REJECT_UNAUTHORIZED environment variable to '0' makes TLS connections and HTTPS requests insecure by disabling certificate verification.
(Use `node --trace-warnings ...` to show where the warning was created)
(node:25428) Warning: Setting the NODE_TLS_REJECT_UNAUTHORIZED environment variable to '0' makes TLS connections and HTTPS requests insecure by disabling certificate verification.
(Use `node --trace-warnings ...` to show where the warning was created)
]]>
</system-err>
</testcase>
<testcase name="API Authentication Tests › should handle login with invalid credentials" classname="API\Auth\login.spec.ts" time="0.321">
<system-out>
<![CDATA[🔄 Testing login with invalid credentials...
✅ Invalid login correctly rejected with status: 403

[[ATTACHMENT|test-results\API-Auth-login-API-Authent-6f620-in-with-invalid-credentials\trace.zip]]
]]>
</system-out>
<system-err>
<![CDATA[(node:28076) Warning: Setting the NODE_TLS_REJECT_UNAUTHORIZED environment variable to '0' makes TLS connections and HTTPS requests insecure by disabling certificate verification.
(Use `node --trace-warnings ...` to show where the warning was created)
]]>
</system-err>
</testcase>
</testsuite>
<testsuite name="API\Create_TC_viaAPI.spec.ts" timestamp="2026-03-31T13:47:14.254Z" hostname="" tests="1" failures="1" skipped="0" time="3.108" errors="0">
<testcase name="Create Test Case via API › should create a test case using API helper functions" classname="API\Create_TC_viaAPI.spec.ts" time="3.108">
<failure message="Create_TC_viaAPI.spec.ts:8:7 should create a test case using API helper functions" type="FAILURE">
<![CDATA[  API\Create_TC_viaAPI.spec.ts:8:7 › Create Test Case via API › should create a test case using API helper functions 

    Error: Token not found in login response

       at helpers\api\login.ts:126

      124 |   const token = loginData?.user?.token;
      125 |   if (!token) {
    > 126 |     throw new Error('Token not found in login response');
          |           ^
      127 |   }
      128 |
      129 |   console.log('   ✅ Login successful');
        at loginViaAPI (D:\reporter\AAA_playwright-projects\playwright-ts\tests\helpers\api\login.ts:126:11)
        at D:\reporter\AAA_playwright-projects\playwright-ts\tests\API\Create_TC_viaAPI.spec.ts:19:70

    attachment #1: screenshot (image/png) ──────────────────────────────────────────────────────────
    ..\test-results\API-Create_TC_viaAPI-Creat-265ce--using-API-helper-functions\test-failed-1.png
    ────────────────────────────────────────────────────────────────────────────────────────────────

    attachment #2: video (video/webm) ──────────────────────────────────────────────────────────────
    ..\test-results\API-Create_TC_viaAPI-Creat-265ce--using-API-helper-functions\video.webm
    ────────────────────────────────────────────────────────────────────────────────────────────────

    attachment #3: trace (application/zip) ─────────────────────────────────────────────────────────
    ..\test-results\API-Create_TC_viaAPI-Creat-265ce--using-API-helper-functions\trace.zip
    Usage:

        npx playwright show-trace ..\test-results\API-Create_TC_viaAPI-Creat-265ce--using-API-helper-functions\trace.zip

    ────────────────────────────────────────────────────────────────────────────────────────────────

    Retry #1 ───────────────────────────────────────────────────────────────────────────────────────

    Error: Token not found in login response

       at helpers\api\login.ts:126

      124 |   const token = loginData?.user?.token;
      125 |   if (!token) {
    > 126 |     throw new Error('Token not found in login response');
          |           ^
      127 |   }
      128 |
      129 |   console.log('   ✅ Login successful');
        at loginViaAPI (D:\reporter\AAA_playwright-projects\playwright-ts\tests\helpers\api\login.ts:126:11)
        at D:\reporter\AAA_playwright-projects\playwright-ts\tests\API\Create_TC_viaAPI.spec.ts:19:70

    attachment #1: screenshot (image/png) ──────────────────────────────────────────────────────────
    ..\test-results\API-Create_TC_viaAPI-Creat-265ce--using-API-helper-functions-retry1\test-failed-1.png
    ────────────────────────────────────────────────────────────────────────────────────────────────

    attachment #2: video (video/webm) ──────────────────────────────────────────────────────────────
    ..\test-results\API-Create_TC_viaAPI-Creat-265ce--using-API-helper-functions-retry1\video.webm
    ────────────────────────────────────────────────────────────────────────────────────────────────

    attachment #3: trace (application/zip) ─────────────────────────────────────────────────────────
    ..\test-results\API-Create_TC_viaAPI-Creat-265ce--using-API-helper-functions-retry1\trace.zip
    Usage:

        npx playwright show-trace ..\test-results\API-Create_TC_viaAPI-Creat-265ce--using-API-helper-functions-retry1\trace.zip

    ────────────────────────────────────────────────────────────────────────────────────────────────

    Retry #2 ───────────────────────────────────────────────────────────────────────────────────────

    Error: Token not found in login response

       at helpers\api\login.ts:126

      124 |   const token = loginData?.user?.token;
      125 |   if (!token) {
    > 126 |     throw new Error('Token not found in login response');
          |           ^
      127 |   }
      128 |
      129 |   console.log('   ✅ Login successful');
        at loginViaAPI (D:\reporter\AAA_playwright-projects\playwright-ts\tests\helpers\api\login.ts:126:11)
        at D:\reporter\AAA_playwright-projects\playwright-ts\tests\API\Create_TC_viaAPI.spec.ts:19:70

    attachment #1: screenshot (image/png) ──────────────────────────────────────────────────────────
    ..\test-results\API-Create_TC_viaAPI-Creat-265ce--using-API-helper-functions-retry2\test-failed-1.png
    ────────────────────────────────────────────────────────────────────────────────────────────────

    attachment #2: video (video/webm) ──────────────────────────────────────────────────────────────
    ..\test-results\API-Create_TC_viaAPI-Creat-265ce--using-API-helper-functions-retry2\video.webm
    ────────────────────────────────────────────────────────────────────────────────────────────────

    attachment #3: trace (application/zip) ─────────────────────────────────────────────────────────
    ..\test-results\API-Create_TC_viaAPI-Creat-265ce--using-API-helper-functions-retry2\trace.zip
    Usage:

        npx playwright show-trace ..\test-results\API-Create_TC_viaAPI-Creat-265ce--using-API-helper-functions-retry2\trace.zip

    ────────────────────────────────────────────────────────────────────────────────────────────────
]]>
</failure>
<system-out>
<![CDATA[🔄 Starting Create Test Case via API test...
📋 Section 1: Login via API
🔐 Logging in via API...
   Email: rahul@alternative-path.com

[[ATTACHMENT|test-results\API-Create_TC_viaAPI-Creat-265ce--using-API-helper-functions\test-failed-1.png]]

[[ATTACHMENT|test-results\API-Create_TC_viaAPI-Creat-265ce--using-API-helper-functions\video.webm]]

[[ATTACHMENT|test-results\API-Create_TC_viaAPI-Creat-265ce--using-API-helper-functions\trace.zip]]
🔄 Starting Create Test Case via API test...
📋 Section 1: Login via API
🔐 Logging in via API...
   Email: rahul@alternative-path.com

[[ATTACHMENT|test-results\API-Create_TC_viaAPI-Creat-265ce--using-API-helper-functions-retry1\test-failed-1.png]]

[[ATTACHMENT|test-results\API-Create_TC_viaAPI-Creat-265ce--using-API-helper-functions-retry1\video.webm]]

[[ATTACHMENT|test-results\API-Create_TC_viaAPI-Creat-265ce--using-API-helper-functions-retry1\trace.zip]]
🔄 Starting Create Test Case via API test...
📋 Section 1: Login via API
🔐 Logging in via API...
   Email: rahul@alternative-path.com

[[ATTACHMENT|test-results\API-Create_TC_viaAPI-Creat-265ce--using-API-helper-functions-retry2\test-failed-1.png]]

[[ATTACHMENT|test-results\API-Create_TC_viaAPI-Creat-265ce--using-API-helper-functions-retry2\video.webm]]

[[ATTACHMENT|test-results\API-Create_TC_viaAPI-Creat-265ce--using-API-helper-functions-retry2\trace.zip]]
]]>
</system-out>
<system-err>
<![CDATA[(node:9276) Warning: Setting the NODE_TLS_REJECT_UNAUTHORIZED environment variable to '0' makes TLS connections and HTTPS requests insecure by disabling certificate verification.
(Use `node --trace-warnings ...` to show where the warning was created)
(node:28744) Warning: Setting the NODE_TLS_REJECT_UNAUTHORIZED environment variable to '0' makes TLS connections and HTTPS requests insecure by disabling certificate verification.
(Use `node --trace-warnings ...` to show where the warning was created)
(node:28468) Warning: Setting the NODE_TLS_REJECT_UNAUTHORIZED environment variable to '0' makes TLS connections and HTTPS requests insecure by disabling certificate verification.
(Use `node --trace-warnings ...` to show where the warning was created)
]]>
</system-err>
</testcase>
</testsuite>
<testsuite name="API\CreateLaunch_ViaAPI.spec.ts" timestamp="2026-03-31T13:47:14.254Z" hostname="" tests="1" failures="1" skipped="0" time="307.705" errors="0">
<testcase name="Create Test Launch via API › should create a test launch using API instead of UI interactions" classname="API\CreateLaunch_ViaAPI.spec.ts" time="307.705">
<failure message="CreateLaunch_ViaAPI.spec.ts:10:7 should create a test launch using API instead of UI interactions" type="FAILURE">
<![CDATA[  API\CreateLaunch_ViaAPI.spec.ts:10:7 › Create Test Launch via API › should create a test launch using API instead of UI interactions 

    Error: expect(page).toHaveTitle(expected) failed

    Expected: "Product X"
    Received: "QA Path"
    Timeout:  90000ms

    Call log:
      - Expect "toHaveTitle" with timeout 90000ms
        93 × unexpected value "QA Path"


       at helpers\login.ts:35

      33 |   // Verify we're on the login page
      34 |   await expect(page).toHaveURL(new RegExp(`${baseUrl}/login`), { timeout: 90000 });
    > 35 |   await expect(page).toHaveTitle('Product X', { timeout: 90000 });
         |                      ^
      36 |   
      37 |   // Verify login form elements are visible
      38 |   await expect(page.getByRole('heading', { name: 'Welcome back' })).toBeVisible({ timeout: 90000 });
        at login (D:\reporter\AAA_playwright-projects\playwright-ts\tests\helpers\login.ts:35:22)
        at D:\reporter\AAA_playwright-projects\playwright-ts\tests\API\CreateLaunch_ViaAPI.spec.ts:22:5

    attachment #1: screenshot (image/png) ──────────────────────────────────────────────────────────
    ..\test-results\API-CreateLaunch_ViaAPI-Cr-6a3a8--instead-of-UI-interactions\test-failed-1.png
    ────────────────────────────────────────────────────────────────────────────────────────────────

    attachment #2: video (video/webm) ──────────────────────────────────────────────────────────────
    ..\test-results\API-CreateLaunch_ViaAPI-Cr-6a3a8--instead-of-UI-interactions\video.webm
    ────────────────────────────────────────────────────────────────────────────────────────────────

    Error Context: ..\test-results\API-CreateLaunch_ViaAPI-Cr-6a3a8--instead-of-UI-interactions\error-context.md

    attachment #4: trace (application/zip) ─────────────────────────────────────────────────────────
    ..\test-results\API-CreateLaunch_ViaAPI-Cr-6a3a8--instead-of-UI-interactions\trace.zip
    Usage:

        npx playwright show-trace ..\test-results\API-CreateLaunch_ViaAPI-Cr-6a3a8--instead-of-UI-interactions\trace.zip

    ────────────────────────────────────────────────────────────────────────────────────────────────

    Retry #1 ───────────────────────────────────────────────────────────────────────────────────────

    Error: expect(page).toHaveTitle(expected) failed

    Expected: "Product X"
    Received: "QA Path"
    Timeout:  90000ms

    Call log:
      - Expect "toHaveTitle" with timeout 90000ms
        93 × unexpected value "QA Path"


       at helpers\login.ts:35

      33 |   // Verify we're on the login page
      34 |   await expect(page).toHaveURL(new RegExp(`${baseUrl}/login`), { timeout: 90000 });
    > 35 |   await expect(page).toHaveTitle('Product X', { timeout: 90000 });
         |                      ^
      36 |   
      37 |   // Verify login form elements are visible
      38 |   await expect(page.getByRole('heading', { name: 'Welcome back' })).toBeVisible({ timeout: 90000 });
        at login (D:\reporter\AAA_playwright-projects\playwright-ts\tests\helpers\login.ts:35:22)
        at D:\reporter\AAA_playwright-projects\playwright-ts\tests\API\CreateLaunch_ViaAPI.spec.ts:22:5

    attachment #1: screenshot (image/png) ──────────────────────────────────────────────────────────
    ..\test-results\API-CreateLaunch_ViaAPI-Cr-6a3a8--instead-of-UI-interactions-retry1\test-failed-1.png
    ────────────────────────────────────────────────────────────────────────────────────────────────

    attachment #2: video (video/webm) ──────────────────────────────────────────────────────────────
    ..\test-results\API-CreateLaunch_ViaAPI-Cr-6a3a8--instead-of-UI-interactions-retry1\video.webm
    ────────────────────────────────────────────────────────────────────────────────────────────────

    Error Context: ..\test-results\API-CreateLaunch_ViaAPI-Cr-6a3a8--instead-of-UI-interactions-retry1\error-context.md

    attachment #4: trace (application/zip) ─────────────────────────────────────────────────────────
    ..\test-results\API-CreateLaunch_ViaAPI-Cr-6a3a8--instead-of-UI-interactions-retry1\trace.zip
    Usage:

        npx playwright show-trace ..\test-results\API-CreateLaunch_ViaAPI-Cr-6a3a8--instead-of-UI-interactions-retry1\trace.zip

    ────────────────────────────────────────────────────────────────────────────────────────────────

    Retry #2 ───────────────────────────────────────────────────────────────────────────────────────

    Error: expect(page).toHaveTitle(expected) failed

    Expected: "Product X"
    Received: "QA Path"
    Timeout:  90000ms

    Call log:
      - Expect "toHaveTitle" with timeout 90000ms
        93 × unexpected value "QA Path"


       at helpers\login.ts:35

      33 |   // Verify we're on the login page
      34 |   await expect(page).toHaveURL(new RegExp(`${baseUrl}/login`), { timeout: 90000 });
    > 35 |   await expect(page).toHaveTitle('Product X', { timeout: 90000 });
         |                      ^
      36 |   
      37 |   // Verify login form elements are visible
      38 |   await expect(page.getByRole('heading', { name: 'Welcome back' })).toBeVisible({ timeout: 90000 });
        at login (D:\reporter\AAA_playwright-projects\playwright-ts\tests\helpers\login.ts:35:22)
        at D:\reporter\AAA_playwright-projects\playwright-ts\tests\API\CreateLaunch_ViaAPI.spec.ts:22:5

    attachment #1: screenshot (image/png) ──────────────────────────────────────────────────────────
    ..\test-results\API-CreateLaunch_ViaAPI-Cr-6a3a8--instead-of-UI-interactions-retry2\test-failed-1.png
    ────────────────────────────────────────────────────────────────────────────────────────────────

    attachment #2: video (video/webm) ──────────────────────────────────────────────────────────────
    ..\test-results\API-CreateLaunch_ViaAPI-Cr-6a3a8--instead-of-UI-interactions-retry2\video.webm
    ────────────────────────────────────────────────────────────────────────────────────────────────

    Error Context: ..\test-results\API-CreateLaunch_ViaAPI-Cr-6a3a8--instead-of-UI-interactions-retry2\error-context.md

    attachment #4: trace (application/zip) ─────────────────────────────────────────────────────────
    ..\test-results\API-CreateLaunch_ViaAPI-Cr-6a3a8--instead-of-UI-interactions-retry2\trace.zip
    Usage:

        npx playwright show-trace ..\test-results\API-CreateLaunch_ViaAPI-Cr-6a3a8--instead-of-UI-interactions-retry2\trace.zip

    ────────────────────────────────────────────────────────────────────────────────────────────────
]]>
</failure>
<system-out>
<![CDATA[🚀 Starting Create Test Launch via API test...
📋 Section 1: Login via UI to establish session

[[ATTACHMENT|test-results\API-CreateLaunch_ViaAPI-Cr-6a3a8--instead-of-UI-interactions\test-failed-1.png]]

[[ATTACHMENT|test-results\API-CreateLaunch_ViaAPI-Cr-6a3a8--instead-of-UI-interactions\video.webm]]

[[ATTACHMENT|test-results\API-CreateLaunch_ViaAPI-Cr-6a3a8--instead-of-UI-interactions\error-context.md]]

[[ATTACHMENT|test-results\API-CreateLaunch_ViaAPI-Cr-6a3a8--instead-of-UI-interactions\trace.zip]]
🚀 Starting Create Test Launch via API test...
📋 Section 1: Login via UI to establish session

[[ATTACHMENT|test-results\API-CreateLaunch_ViaAPI-Cr-6a3a8--instead-of-UI-interactions-retry1\test-failed-1.png]]

[[ATTACHMENT|test-results\API-CreateLaunch_ViaAPI-Cr-6a3a8--instead-of-UI-interactions-retry1\video.webm]]

[[ATTACHMENT|test-results\API-CreateLaunch_ViaAPI-Cr-6a3a8--instead-of-UI-interactions-retry1\error-context.md]]

[[ATTACHMENT|test-results\API-CreateLaunch_ViaAPI-Cr-6a3a8--instead-of-UI-interactions-retry1\trace.zip]]
🚀 Starting Create Test Launch via API test...
📋 Section 1: Login via UI to establish session

[[ATTACHMENT|test-results\API-CreateLaunch_ViaAPI-Cr-6a3a8--instead-of-UI-interactions-retry2\test-failed-1.png]]

[[ATTACHMENT|test-results\API-CreateLaunch_ViaAPI-Cr-6a3a8--instead-of-UI-interactions-retry2\video.webm]]

[[ATTACHMENT|test-results\API-CreateLaunch_ViaAPI-Cr-6a3a8--instead-of-UI-interactions-retry2\error-context.md]]

[[ATTACHMENT|test-results\API-CreateLaunch_ViaAPI-Cr-6a3a8--instead-of-UI-interactions-retry2\trace.zip]]
]]>
</system-out>
</testcase>
</testsuite>
<testsuite name="API\flaky.spec.ts" timestamp="2026-03-31T13:47:14.254Z" hostname="" tests="1" failures="1" skipped="0" time="29.05" errors="0">
<testcase name="user can login and see dashboard (FLAKY)" classname="API\flaky.spec.ts" time="29.05">
<failure message="flaky.spec.ts:4:5 user can login and see dashboard (FLAKY)" type="FAILURE">
<![CDATA[  API\flaky.spec.ts:4:5 › user can login and see dashboard (FLAKY) ─────────────────────────────────

    Test timeout of 9000ms exceeded.

    Error: page.fill: Test timeout of 9000ms exceeded.
    Call log:
      - waiting for locator('#username')


       5 |   await page.goto('https://example.com/login');
       6 |
    >  7 |   await page.fill('#username', 'testuser');
         |              ^
       8 |   await page.fill('#password', 'password123');
       9 |
      10 |   await page.click('#login');
        at D:\reporter\AAA_playwright-projects\playwright-ts\tests\API\flaky.spec.ts:7:14

    attachment #1: screenshot (image/png) ──────────────────────────────────────────────────────────
    ..\test-results\API-flaky-user-can-login-and-see-dashboard-FLAKY-\test-failed-1.png
    ────────────────────────────────────────────────────────────────────────────────────────────────

    attachment #2: video (video/webm) ──────────────────────────────────────────────────────────────
    ..\test-results\API-flaky-user-can-login-and-see-dashboard-FLAKY-\video.webm
    ────────────────────────────────────────────────────────────────────────────────────────────────

    Error Context: ..\test-results\API-flaky-user-can-login-and-see-dashboard-FLAKY-\error-context.md

    attachment #4: trace (application/zip) ─────────────────────────────────────────────────────────
    ..\test-results\API-flaky-user-can-login-and-see-dashboard-FLAKY-\trace.zip
    Usage:

        npx playwright show-trace ..\test-results\API-flaky-user-can-login-and-see-dashboard-FLAKY-\trace.zip

    ────────────────────────────────────────────────────────────────────────────────────────────────

    Retry #1 ───────────────────────────────────────────────────────────────────────────────────────

    Test timeout of 9000ms exceeded.

    Error: page.fill: Test timeout of 9000ms exceeded.
    Call log:
      - waiting for locator('#username')


       5 |   await page.goto('https://example.com/login');
       6 |
    >  7 |   await page.fill('#username', 'testuser');
         |              ^
       8 |   await page.fill('#password', 'password123');
       9 |
      10 |   await page.click('#login');
        at D:\reporter\AAA_playwright-projects\playwright-ts\tests\API\flaky.spec.ts:7:14

    attachment #1: screenshot (image/png) ──────────────────────────────────────────────────────────
    ..\test-results\API-flaky-user-can-login-and-see-dashboard-FLAKY--retry1\test-failed-1.png
    ────────────────────────────────────────────────────────────────────────────────────────────────

    attachment #2: video (video/webm) ──────────────────────────────────────────────────────────────
    ..\test-results\API-flaky-user-can-login-and-see-dashboard-FLAKY--retry1\video.webm
    ────────────────────────────────────────────────────────────────────────────────────────────────

    Error Context: ..\test-results\API-flaky-user-can-login-and-see-dashboard-FLAKY--retry1\error-context.md

    attachment #4: trace (application/zip) ─────────────────────────────────────────────────────────
    ..\test-results\API-flaky-user-can-login-and-see-dashboard-FLAKY--retry1\trace.zip
    Usage:

        npx playwright show-trace ..\test-results\API-flaky-user-can-login-and-see-dashboard-FLAKY--retry1\trace.zip

    ────────────────────────────────────────────────────────────────────────────────────────────────

    Retry #2 ───────────────────────────────────────────────────────────────────────────────────────

    Test timeout of 9000ms exceeded.

    Error: page.fill: Test timeout of 9000ms exceeded.
    Call log:
      - waiting for locator('#username')


       5 |   await page.goto('https://example.com/login');
       6 |
    >  7 |   await page.fill('#username', 'testuser');
         |              ^
       8 |   await page.fill('#password', 'password123');
       9 |
      10 |   await page.click('#login');
        at D:\reporter\AAA_playwright-projects\playwright-ts\tests\API\flaky.spec.ts:7:14

    attachment #1: screenshot (image/png) ──────────────────────────────────────────────────────────
    ..\test-results\API-flaky-user-can-login-and-see-dashboard-FLAKY--retry2\test-failed-1.png
    ────────────────────────────────────────────────────────────────────────────────────────────────

    attachment #2: video (video/webm) ──────────────────────────────────────────────────────────────
    ..\test-results\API-flaky-user-can-login-and-see-dashboard-FLAKY--retry2\video.webm
    ────────────────────────────────────────────────────────────────────────────────────────────────

    Error Context: ..\test-results\API-flaky-user-can-login-and-see-dashboard-FLAKY--retry2\error-context.md

    attachment #4: trace (application/zip) ─────────────────────────────────────────────────────────
    ..\test-results\API-flaky-user-can-login-and-see-dashboard-FLAKY--retry2\trace.zip
    Usage:

        npx playwright show-trace ..\test-results\API-flaky-user-can-login-and-see-dashboard-FLAKY--retry2\trace.zip

    ────────────────────────────────────────────────────────────────────────────────────────────────
]]>
</failure>
<system-out>
<![CDATA[
[[ATTACHMENT|test-results\API-flaky-user-can-login-and-see-dashboard-FLAKY-\test-failed-1.png]]

[[ATTACHMENT|test-results\API-flaky-user-can-login-and-see-dashboard-FLAKY-\video.webm]]

[[ATTACHMENT|test-results\API-flaky-user-can-login-and-see-dashboard-FLAKY-\error-context.md]]

[[ATTACHMENT|test-results\API-flaky-user-can-login-and-see-dashboard-FLAKY-\trace.zip]]

[[ATTACHMENT|test-results\API-flaky-user-can-login-and-see-dashboard-FLAKY--retry1\test-failed-1.png]]

[[ATTACHMENT|test-results\API-flaky-user-can-login-and-see-dashboard-FLAKY--retry1\video.webm]]

[[ATTACHMENT|test-results\API-flaky-user-can-login-and-see-dashboard-FLAKY--retry1\error-context.md]]

[[ATTACHMENT|test-results\API-flaky-user-can-login-and-see-dashboard-FLAKY--retry1\trace.zip]]

[[ATTACHMENT|test-results\API-flaky-user-can-login-and-see-dashboard-FLAKY--retry2\test-failed-1.png]]

[[ATTACHMENT|test-results\API-flaky-user-can-login-and-see-dashboard-FLAKY--retry2\video.webm]]

[[ATTACHMENT|test-results\API-flaky-user-can-login-and-see-dashboard-FLAKY--retry2\error-context.md]]

[[ATTACHMENT|test-results\API-flaky-user-can-login-and-see-dashboard-FLAKY--retry2\trace.zip]]
]]>
</system-out>
</testcase>
</testsuite>
<testsuite name="bugTest.spec.ts" timestamp="2026-03-31T13:47:14.254Z" hostname="" tests="3" failures="1" skipped="2" time="0.002" errors="0">
<testcase name="BeforeAll Failure Suite › Test Case 1" classname="bugTest.spec.ts" time="0.002">
<failure message="bugTest.spec.ts:10:7 Test Case 1" type="FAILURE">
<![CDATA[  bugTest.spec.ts:10:7 › BeforeAll Failure Suite › Test Case 1 ─────────────────────────────────────

    Error: beforeAll failed intentionally

       5 |   test.beforeAll(async () => {
       6 |     // Intentionally fail before all tests
    >  7 |     throw new Error('beforeAll failed intentionally');
         |           ^
       8 |   });
       9 |
      10 |   test('Test Case 1', async ({ page }) => {
        at D:\reporter\AAA_playwright-projects\playwright-ts\tests\bugTest.spec.ts:7:11

    attachment #1: trace (application/zip) ─────────────────────────────────────────────────────────
    ..\test-results\bugTest-BeforeAll-Failure-Suite-Test-Case-1\trace.zip
    Usage:

        npx playwright show-trace ..\test-results\bugTest-BeforeAll-Failure-Suite-Test-Case-1\trace.zip

    ────────────────────────────────────────────────────────────────────────────────────────────────

    Retry #1 ───────────────────────────────────────────────────────────────────────────────────────

    Error: beforeAll failed intentionally

       5 |   test.beforeAll(async () => {
       6 |     // Intentionally fail before all tests
    >  7 |     throw new Error('beforeAll failed intentionally');
         |           ^
       8 |   });
       9 |
      10 |   test('Test Case 1', async ({ page }) => {
        at D:\reporter\AAA_playwright-projects\playwright-ts\tests\bugTest.spec.ts:7:11

    attachment #1: trace (application/zip) ─────────────────────────────────────────────────────────
    ..\test-results\bugTest-BeforeAll-Failure-Suite-Test-Case-1-retry1\trace.zip
    Usage:

        npx playwright show-trace ..\test-results\bugTest-BeforeAll-Failure-Suite-Test-Case-1-retry1\trace.zip

    ────────────────────────────────────────────────────────────────────────────────────────────────

    Retry #2 ───────────────────────────────────────────────────────────────────────────────────────

    Error: beforeAll failed intentionally

       5 |   test.beforeAll(async () => {
       6 |     // Intentionally fail before all tests
    >  7 |     throw new Error('beforeAll failed intentionally');
         |           ^
       8 |   });
       9 |
      10 |   test('Test Case 1', async ({ page }) => {
        at D:\reporter\AAA_playwright-projects\playwright-ts\tests\bugTest.spec.ts:7:11

    attachment #1: trace (application/zip) ─────────────────────────────────────────────────────────
    ..\test-results\bugTest-BeforeAll-Failure-Suite-Test-Case-1-retry2\trace.zip
    Usage:

        npx playwright show-trace ..\test-results\bugTest-BeforeAll-Failure-Suite-Test-Case-1-retry2\trace.zip

    ────────────────────────────────────────────────────────────────────────────────────────────────
]]>
</failure>
<system-out>
<![CDATA[
[[ATTACHMENT|test-results\bugTest-BeforeAll-Failure-Suite-Test-Case-1\trace.zip]]

[[ATTACHMENT|test-results\bugTest-BeforeAll-Failure-Suite-Test-Case-1-retry1\trace.zip]]

[[ATTACHMENT|test-results\bugTest-BeforeAll-Failure-Suite-Test-Case-1-retry2\trace.zip]]
]]>
</system-out>
</testcase>
<testcase name="BeforeAll Failure Suite › Test Case 2" classname="bugTest.spec.ts" time="0">
<skipped>
</skipped>
</testcase>
<testcase name="BeforeAll Failure Suite › Test Case 3" classname="bugTest.spec.ts" time="0">
<skipped>
</skipped>
</testcase>
</testsuite>
<testsuite name="explore-ap-agent-site.spec.ts" timestamp="2026-03-31T13:47:14.254Z" hostname="" tests="1" failures="1" skipped="0" time="374.93" errors="0">
<testcase name="AP Agent Site Exploration › should explore the current state of ap-agent.qa-path.com/test-automation/" classname="explore-ap-agent-site.spec.ts" time="374.93">
<failure message="explore-ap-agent-site.spec.ts:4:7 should explore the current state of ap-agent.qa-path.com/test-automation/" type="FAILURE">
<![CDATA[  explore-ap-agent-site.spec.ts:4:7 › AP Agent Site Exploration › should explore the current state of ap-agent.qa-path.com/test-automation/ 

    Test timeout of 120000ms exceeded.

    Error: locator.all: Target page, context or browser has been closed

      118 |     console.log('\n🔍 Exploring all buttons...');
      119 |     
    > 120 |     const buttons = await page.getByRole('button').all();
          |                                                    ^
      121 |     console.log(`Found ${buttons.length} buttons`);
      122 |     
      123 |     for (let i = 0; i < buttons.length; i++) {
        at D:\reporter\AAA_playwright-projects\playwright-ts\tests\explore-ap-agent-site.spec.ts:120:52

    attachment #1: screenshot (image/png) ──────────────────────────────────────────────────────────
    ..\test-results\explore-ap-agent-site-AP-A-4b726-a-path-com-test-automation-\test-failed-1.png
    ────────────────────────────────────────────────────────────────────────────────────────────────

    attachment #2: video (video/webm) ──────────────────────────────────────────────────────────────
    ..\test-results\explore-ap-agent-site-AP-A-4b726-a-path-com-test-automation-\video.webm
    ────────────────────────────────────────────────────────────────────────────────────────────────

    Error Context: ..\test-results\explore-ap-agent-site-AP-A-4b726-a-path-com-test-automation-\error-context.md

    attachment #4: trace (application/zip) ─────────────────────────────────────────────────────────
    ..\test-results\explore-ap-agent-site-AP-A-4b726-a-path-com-test-automation-\trace.zip
    Usage:

        npx playwright show-trace ..\test-results\explore-ap-agent-site-AP-A-4b726-a-path-com-test-automation-\trace.zip

    ────────────────────────────────────────────────────────────────────────────────────────────────

    Retry #1 ───────────────────────────────────────────────────────────────────────────────────────

    Test timeout of 120000ms exceeded.

    Error: locator.all: Target page, context or browser has been closed

      118 |     console.log('\n🔍 Exploring all buttons...');
      119 |     
    > 120 |     const buttons = await page.getByRole('button').all();
          |                                                    ^
      121 |     console.log(`Found ${buttons.length} buttons`);
      122 |     
      123 |     for (let i = 0; i < buttons.length; i++) {
        at D:\reporter\AAA_playwright-projects\playwright-ts\tests\explore-ap-agent-site.spec.ts:120:52

    attachment #1: screenshot (image/png) ──────────────────────────────────────────────────────────
    ..\test-results\explore-ap-agent-site-AP-A-4b726-a-path-com-test-automation--retry1\test-failed-1.png
    ────────────────────────────────────────────────────────────────────────────────────────────────

    attachment #2: video (video/webm) ──────────────────────────────────────────────────────────────
    ..\test-results\explore-ap-agent-site-AP-A-4b726-a-path-com-test-automation--retry1\video.webm
    ────────────────────────────────────────────────────────────────────────────────────────────────

    Error Context: ..\test-results\explore-ap-agent-site-AP-A-4b726-a-path-com-test-automation--retry1\error-context.md

    attachment #4: trace (application/zip) ─────────────────────────────────────────────────────────
    ..\test-results\explore-ap-agent-site-AP-A-4b726-a-path-com-test-automation--retry1\trace.zip
    Usage:

        npx playwright show-trace ..\test-results\explore-ap-agent-site-AP-A-4b726-a-path-com-test-automation--retry1\trace.zip

[...]

[[ATTACHMENT|test-results\TestGroups-TestGroups_Remo-e82ec-test-case-from-a-test-group\video.webm]]

[[ATTACHMENT|test-results\TestGroups-TestGroups_Remo-e82ec-test-case-from-a-test-group\error-context.md]]

[[ATTACHMENT|test-results\TestGroups-TestGroups_Remo-e82ec-test-case-from-a-test-group\trace.zip]]
🔧 Starting Remove Test Case from Test Group test...
📋 Section 1: Setup and Login

[[ATTACHMENT|test-results\TestGroups-TestGroups_Remo-e82ec-test-case-from-a-test-group-retry1\test-failed-1.png]]

[[ATTACHMENT|test-results\TestGroups-TestGroups_Remo-e82ec-test-case-from-a-test-group-retry1\video.webm]]

[[ATTACHMENT|test-results\TestGroups-TestGroups_Remo-e82ec-test-case-from-a-test-group-retry1\error-context.md]]

[[ATTACHMENT|test-results\TestGroups-TestGroups_Remo-e82ec-test-case-from-a-test-group-retry1\trace.zip]]
🔧 Starting Remove Test Case from Test Group test...
📋 Section 1: Setup and Login

[[ATTACHMENT|test-results\TestGroups-TestGroups_Remo-e82ec-test-case-from-a-test-group-retry2\test-failed-1.png]]

[[ATTACHMENT|test-results\TestGroups-TestGroups_Remo-e82ec-test-case-from-a-test-group-retry2\video.webm]]

[[ATTACHMENT|test-results\TestGroups-TestGroups_Remo-e82ec-test-case-from-a-test-group-retry2\error-context.md]]

[[ATTACHMENT|test-results\TestGroups-TestGroups_Remo-e82ec-test-case-from-a-test-group-retry2\trace.zip]]
]]>
</system-out>
</testcase>
</testsuite>
<testsuite name="TestLaunch\CreateLaunch_FromTestGrouppage.spec.ts" timestamp="2026-03-31T13:47:14.254Z" hostname="" tests="1" failures="1" skipped="0" time="307.46" errors="0">
<testcase name="Create Launch from Test Group Page › should create a test launch from the test group page and verify it appears in launch history" classname="TestLaunch\CreateLaunch_FromTestGrouppage.spec.ts" time="307.46">
<failure message="CreateLaunch_FromTestGrouppage.spec.ts:5:7 should create a test launch from the test group page and verify it appears in launch history" type="FAILURE">
<![CDATA[  TestLaunch\CreateLaunch_FromTestGrouppage.spec.ts:5:7 › Create Launch from Test Group Page › should create a test launch from the test group page and verify it appears in launch history 

    Error: expect(page).toHaveTitle(expected) failed

    Expected: "Product X"
    Received: "QA Path"
    Timeout:  90000ms

    Call log:
      - Expect "toHaveTitle" with timeout 90000ms
        93 × unexpected value "QA Path"


       at helpers\login.ts:35

      33 |   // Verify we're on the login page
      34 |   await expect(page).toHaveURL(new RegExp(`${baseUrl}/login`), { timeout: 90000 });
    > 35 |   await expect(page).toHaveTitle('Product X', { timeout: 90000 });
         |                      ^
      36 |   
      37 |   // Verify login form elements are visible
      38 |   await expect(page.getByRole('heading', { name: 'Welcome back' })).toBeVisible({ timeout: 90000 });
        at login (D:\reporter\AAA_playwright-projects\playwright-ts\tests\helpers\login.ts:35:22)
        at loginIfNeeded (D:\reporter\AAA_playwright-projects\playwright-ts\tests\helpers\login.ts:119:3)
        at setupTestGroupWithTestCase (D:\reporter\AAA_playwright-projects\playwright-ts\tests\helpers\setupTestGroupWithTestCase.ts:36:3)
        at D:\reporter\AAA_playwright-projects\playwright-ts\tests\TestLaunch\CreateLaunch_FromTestGrouppage.spec.ts:17:27

    attachment #1: screenshot (image/png) ──────────────────────────────────────────────────────────
    ..\test-results\TestLaunch-CreateLaunch_Fr-4d7d8-t-appears-in-launch-history\test-failed-1.png
    ────────────────────────────────────────────────────────────────────────────────────────────────

    attachment #2: video (video/webm) ──────────────────────────────────────────────────────────────
    ..\test-results\TestLaunch-CreateLaunch_Fr-4d7d8-t-appears-in-launch-history\video.webm
    ────────────────────────────────────────────────────────────────────────────────────────────────

    Error Context: ..\test-results\TestLaunch-CreateLaunch_Fr-4d7d8-t-appears-in-launch-history\error-context.md

    attachment #4: trace (application/zip) ─────────────────────────────────────────────────────────
    ..\test-results\TestLaunch-CreateLaunch_Fr-4d7d8-t-appears-in-launch-history\trace.zip
    Usage:

        npx playwright show-trace ..\test-results\TestLaunch-CreateLaunch_Fr-4d7d8-t-appears-in-launch-history\trace.zip

    ────────────────────────────────────────────────────────────────────────────────────────────────

    Retry #1 ───────────────────────────────────────────────────────────────────────────────────────

    Error: expect(page).toHaveTitle(expected) failed

    Expected: "Product X"
    Received: "QA Path"
    Timeout:  90000ms

    Call log:
      - Expect "toHaveTitle" with timeout 90000ms
        93 × unexpected value "QA Path"


       at helpers\login.ts:35

      33 |   // Verify we're on the login page
      34 |   await expect(page).toHaveURL(new RegExp(`${baseUrl}/login`), { timeout: 90000 });
    > 35 |   await expect(page).toHaveTitle('Product X', { timeout: 90000 });
         |                      ^
      36 |   
      37 |   // Verify login form elements are visible
      38 |   await expect(page.getByRole('heading', { name: 'Welcome back' })).toBeVisible({ timeout: 90000 });
        at login (D:\reporter\AAA_playwright-projects\playwright-ts\tests\helpers\login.ts:35:22)
        at loginIfNeeded (D:\reporter\AAA_playwright-projects\playwright-ts\tests\helpers\login.ts:119:3)
        at setupTestGroupWithTestCase (D:\reporter\AAA_playwright-projects\playwright-ts\tests\helpers\setupTestGroupWithTestCase.ts:36:3)
        at D:\reporter\AAA_playwright-projects\playwright-ts\tests\TestLaunch\CreateLaunch_FromTestGrouppage.spec.ts:17:27

    attachment #1: screenshot (image/png) ──────────────────────────────────────────────────────────
    ..\test-results\TestLaunch-CreateLaunch_Fr-4d7d8-t-appears-in-launch-history-retry1\test-failed-1.png
    ────────────────────────────────────────────────────────────────────────────────────────────────

    attachment #2: video (video/webm) ──────────────────────────────────────────────────────────────
    ..\test-results\TestLaunch-CreateLaunch_Fr-4d7d8-t-appears-in-launch-history-retry1\video.webm
    ────────────────────────────────────────────────────────────────────────────────────────────────

    Error Context: ..\test-results\TestLaunch-CreateLaunch_Fr-4d7d8-t-appears-in-launch-history-retry1\error-context.md

    attachment #4: trace (application/zip) ─────────────────────────────────────────────────────────
    ..\test-results\TestLaunch-CreateLaunch_Fr-4d7d8-t-appears-in-launch-history-retry1\trace.zip
    Usage:

        npx playwright show-trace ..\test-results\TestLaunch-CreateLaunch_Fr-4d7d8-t-appears-in-launch-history-retry1\trace.zip

    ────────────────────────────────────────────────────────────────────────────────────────────────

    Retry #2 ───────────────────────────────────────────────────────────────────────────────────────

    Error: expect(page).toHaveTitle(expected) failed

    Expected: "Product X"
    Received: "QA Path"
    Timeout:  90000ms

    Call log:
      - Expect "toHaveTitle" with timeout 90000ms
        93 × unexpected value "QA Path"


       at helpers\login.ts:35

      33 |   // Verify we're on the login page
      34 |   await expect(page).toHaveURL(new RegExp(`${baseUrl}/login`), { timeout: 90000 });
    > 35 |   await expect(page).toHaveTitle('Product X', { timeout: 90000 });
         |                      ^
      36 |   
      37 |   // Verify login form elements are visible
      38 |   await expect(page.getByRole('heading', { name: 'Welcome back' })).toBeVisible({ timeout: 90000 });
        at login (D:\reporter\AAA_playwright-projects\playwright-ts\tests\helpers\login.ts:35:22)
        at loginIfNeeded (D:\reporter\AAA_playwright-projects\playwright-ts\tests\helpers\login.ts:119:3)
        at setupTestGroupWithTestCase (D:\reporter\AAA_playwright-projects\playwright-ts\tests\helpers\setupTestGroupWithTestCase.ts:36:3)
        at D:\reporter\AAA_playwright-projects\playwright-ts\tests\TestLaunch\CreateLaunch_FromTestGrouppage.spec.ts:17:27

    attachment #1: screenshot (image/png) ──────────────────────────────────────────────────────────
    ..\test-results\TestLaunch-CreateLaunch_Fr-4d7d8-t-appears-in-launch-history-retry2\test-failed-1.png
    ────────────────────────────────────────────────────────────────────────────────────────────────

    attachment #2: video (video/webm) ──────────────────────────────────────────────────────────────
    ..\test-results\TestLaunch-CreateLaunch_Fr-4d7d8-t-appears-in-launch-history-retry2\video.webm
    ────────────────────────────────────────────────────────────────────────────────────────────────

    Error Context: ..\test-results\TestLaunch-CreateLaunch_Fr-4d7d8-t-appears-in-launch-history-retry2\error-context.md

    attachment #4: trace (application/zip) ─────────────────────────────────────────────────────────
    ..\test-results\TestLaunch-CreateLaunch_Fr-4d7d8-t-appears-in-launch-history-retry2\trace.zip
    Usage:

        npx playwright show-trace ..\test-results\TestLaunch-CreateLaunch_Fr-4d7d8-t-appears-in-launch-history-retry2\trace.zip

    ────────────────────────────────────────────────────────────────────────────────────────────────
]]>
</failure>
<system-out>
<![CDATA[🚀 Starting Create Launch from Test Group Page test...
📋 Section 1: Setup Test Group with Test Case
🔧 Setting up test group with test case...

[[ATTACHMENT|test-results\TestLaunch-CreateLaunch_Fr-4d7d8-t-appears-in-launch-history\test-failed-1.png]]

[[ATTACHMENT|test-results\TestLaunch-CreateLaunch_Fr-4d7d8-t-appears-in-launch-history\video.webm]]

[[ATTACHMENT|test-results\TestLaunch-CreateLaunch_Fr-4d7d8-t-appears-in-launch-history\error-context.md]]

[[ATTACHMENT|test-results\TestLaunch-CreateLaunch_Fr-4d7d8-t-appears-in-launch-history\trace.zip]]
🚀 Starting Create Launch from Test Group Page test...
📋 Section 1: Setup Test Group with Test Case
🔧 Setting up test group with test case...

[[ATTACHMENT|test-results\TestLaunch-CreateLaunch_Fr-4d7d8-t-appears-in-launch-history-retry1\test-failed-1.png]]

[[ATTACHMENT|test-results\TestLaunch-CreateLaunch_Fr-4d7d8-t-appears-in-launch-history-retry1\video.webm]]

[[ATTACHMENT|test-results\TestLaunch-CreateLaunch_Fr-4d7d8-t-appears-in-launch-history-retry1\error-context.md]]

[[ATTACHMENT|test-results\TestLaunch-CreateLaunch_Fr-4d7d8-t-appears-in-launch-history-retry1\trace.zip]]
🚀 Starting Create Launch from Test Group Page test...
📋 Section 1: Setup Test Group with Test Case
🔧 Setting up test group with test case...

[[ATTACHMENT|test-results\TestLaunch-CreateLaunch_Fr-4d7d8-t-appears-in-launch-history-retry2\test-failed-1.png]]

[[ATTACHMENT|test-results\TestLaunch-CreateLaunch_Fr-4d7d8-t-appears-in-launch-history-retry2\video.webm]]

[[ATTACHMENT|test-results\TestLaunch-CreateLaunch_Fr-4d7d8-t-appears-in-launch-history-retry2\error-context.md]]

[[ATTACHMENT|test-results\TestLaunch-CreateLaunch_Fr-4d7d8-t-appears-in-launch-history-retry2\trace.zip]]
]]>
</system-out>
</testcase>
</testsuite>
<testsuite name="TestLaunch\UpdateLaunchStatus.spec.ts" timestamp="2026-03-31T13:47:14.254Z" hostname="" tests="2" failures="1" skipped="1" time="318.295" errors="0">
<testcase name="Update Launch Status › should update launch status to Completed" classname="TestLaunch\UpdateLaunchStatus.spec.ts" time="318.295">
<failure message="UpdateLaunchStatus.spec.ts:9:7 should update launch status to Completed" type="FAILURE">
<![CDATA[  TestLaunch\UpdateLaunchStatus.spec.ts:9:7 › Update Launch Status › should update launch status to Completed 

    Error: expect(page).toHaveTitle(expected) failed

    Expected: "Product X"
    Received: "QA Path"
    Timeout:  90000ms

    Call log:
      - Expect "toHaveTitle" with timeout 90000ms
        93 × unexpected value "QA Path"


       at helpers\login.ts:35

      33 |   // Verify we're on the login page
      34 |   await expect(page).toHaveURL(new RegExp(`${baseUrl}/login`), { timeout: 90000 });
    > 35 |   await expect(page).toHaveTitle('Product X', { timeout: 90000 });
         |                      ^
      36 |   
      37 |   // Verify login form elements are visible
      38 |   await expect(page.getByRole('heading', { name: 'Welcome back' })).toBeVisible({ timeout: 90000 });
        at login (D:\reporter\AAA_playwright-projects\playwright-ts\tests\helpers\login.ts:35:22)
        at D:\reporter\AAA_playwright-projects\playwright-ts\tests\TestLaunch\UpdateLaunchStatus.spec.ts:22:5

    attachment #1: screenshot (image/png) ──────────────────────────────────────────────────────────
    ..\test-results\TestLaunch-UpdateLaunchSta-adbee--launch-status-to-Completed\test-failed-1.png
    ────────────────────────────────────────────────────────────────────────────────────────────────

    attachment #2: video (video/webm) ──────────────────────────────────────────────────────────────
    ..\test-results\TestLaunch-UpdateLaunchSta-adbee--launch-status-to-Completed\video.webm
    ────────────────────────────────────────────────────────────────────────────────────────────────

    Error Context: ..\test-results\TestLaunch-UpdateLaunchSta-adbee--launch-status-to-Completed\error-context.md

    attachment #4: trace (application/zip) ─────────────────────────────────────────────────────────
    ..\test-results\TestLaunch-UpdateLaunchSta-adbee--launch-status-to-Completed\trace.zip
    Usage:

        npx playwright show-trace ..\test-results\TestLaunch-UpdateLaunchSta-adbee--launch-status-to-Completed\trace.zip

    ────────────────────────────────────────────────────────────────────────────────────────────────

    Retry #1 ───────────────────────────────────────────────────────────────────────────────────────

    Error: expect(page).toHaveTitle(expected) failed

    Expected: "Product X"
    Received: "QA Path"
    Timeout:  90000ms

    Call log:
      - Expect "toHaveTitle" with timeout 90000ms
        93 × unexpected value "QA Path"


       at helpers\login.ts:35

      33 |   // Verify we're on the login page
      34 |   await expect(page).toHaveURL(new RegExp(`${baseUrl}/login`), { timeout: 90000 });
    > 35 |   await expect(page).toHaveTitle('Product X', { timeout: 90000 });
         |                      ^
      36 |   
      37 |   // Verify login form elements are visible
      38 |   await expect(page.getByRole('heading', { name: 'Welcome back' })).toBeVisible({ timeout: 90000 });
        at login (D:\reporter\AAA_playwright-projects\playwright-ts\tests\helpers\login.ts:35:22)
        at D:\reporter\AAA_playwright-projects\playwright-ts\tests\TestLaunch\UpdateLaunchStatus.spec.ts:22:5

    attachment #1: screenshot (image/png) ──────────────────────────────────────────────────────────
    ..\test-results\TestLaunch-UpdateLaunchSta-adbee--launch-status-to-Completed-retry1\test-failed-1.png
    ────────────────────────────────────────────────────────────────────────────────────────────────

    attachment #2: video (video/webm) ──────────────────────────────────────────────────────────────
    ..\test-results\TestLaunch-UpdateLaunchSta-adbee--launch-status-to-Completed-retry1\video.webm
    ────────────────────────────────────────────────────────────────────────────────────────────────

    Error Context: ..\test-results\TestLaunch-UpdateLaunchSta-adbee--launch-status-to-Completed-retry1\error-context.md

    attachment #4: trace (application/zip) ─────────────────────────────────────────────────────────
    ..\test-results\TestLaunch-UpdateLaunchSta-adbee--launch-status-to-Completed-retry1\trace.zip
    Usage:

        npx playwright show-trace ..\test-results\TestLaunch-UpdateLaunchSta-adbee--launch-status-to-Completed-retry1\trace.zip

    ────────────────────────────────────────────────────────────────────────────────────────────────

    Retry #2 ───────────────────────────────────────────────────────────────────────────────────────

    Error: expect(page).toHaveTitle(expected) failed

    Expected: "Product X"
    Received: "QA Path"
    Timeout:  90000ms

    Call log:
      - Expect "toHaveTitle" with timeout 90000ms
        93 × unexpected value "QA Path"


       at helpers\login.ts:35

      33 |   // Verify we're on the login page
      34 |   await expect(page).toHaveURL(new RegExp(`${baseUrl}/login`), { timeout: 90000 });
    > 35 |   await expect(page).toHaveTitle('Product X', { timeout: 90000 });
         |                      ^
      36 |   
      37 |   // Verify login form elements are visible
      38 |   await expect(page.getByRole('heading', { name: 'Welcome back' })).toBeVisible({ timeout: 90000 });
        at login (D:\reporter\AAA_playwright-projects\playwright-ts\tests\helpers\login.ts:35:22)
        at D:\reporter\AAA_playwright-projects\playwright-ts\tests\TestLaunch\UpdateLaunchStatus.spec.ts:22:5

    attachment #1: screenshot (image/png) ──────────────────────────────────────────────────────────
    ..\test-results\TestLaunch-UpdateLaunchSta-adbee--launch-status-to-Completed-retry2\test-failed-1.png
    ────────────────────────────────────────────────────────────────────────────────────────────────

    attachment #2: video (video/webm) ──────────────────────────────────────────────────────────────
    ..\test-results\TestLaunch-UpdateLaunchSta-adbee--launch-status-to-Completed-retry2\video.webm
    ────────────────────────────────────────────────────────────────────────────────────────────────

    Error Context: ..\test-results\TestLaunch-UpdateLaunchSta-adbee--launch-status-to-Completed-retry2\error-context.md

    attachment #4: trace (application/zip) ─────────────────────────────────────────────────────────
    ..\test-results\TestLaunch-UpdateLaunchSta-adbee--launch-status-to-Completed-retry2\trace.zip
    Usage:

        npx playwright show-trace ..\test-results\TestLaunch-UpdateLaunchSta-adbee--launch-status-to-Completed-retry2\trace.zip

    ────────────────────────────────────────────────────────────────────────────────────────────────
]]>
</failure>
<system-out>
<![CDATA[🔄 Starting Update Launch Status to Completed test...
📋 Section 1: Login via UI to establish session

[[ATTACHMENT|test-results\TestLaunch-UpdateLaunchSta-adbee--launch-status-to-Completed\test-failed-1.png]]

[[ATTACHMENT|test-results\TestLaunch-UpdateLaunchSta-adbee--launch-status-to-Completed\video.webm]]

[[ATTACHMENT|test-results\TestLaunch-UpdateLaunchSta-adbee--launch-status-to-Completed\error-context.md]]

[[ATTACHMENT|test-results\TestLaunch-UpdateLaunchSta-adbee--launch-status-to-Completed\trace.zip]]
🔄 Starting Update Launch Status to Completed test...
📋 Section 1: Login via UI to establish session

[[ATTACHMENT|test-results\TestLaunch-UpdateLaunchSta-adbee--launch-status-to-Completed-retry1\test-failed-1.png]]

[[ATTACHMENT|test-results\TestLaunch-UpdateLaunchSta-adbee--launch-status-to-Completed-retry1\video.webm]]

[[ATTACHMENT|test-results\TestLaunch-UpdateLaunchSta-adbee--launch-status-to-Completed-retry1\error-context.md]]

[[ATTACHMENT|test-results\TestLaunch-UpdateLaunchSta-adbee--launch-status-to-Completed-retry1\trace.zip]]
🔄 Starting Update Launch Status to Completed test...
📋 Section 1: Login via UI to establish session

[[ATTACHMENT|test-results\TestLaunch-UpdateLaunchSta-adbee--launch-status-to-Completed-retry2\test-failed-1.png]]

[[ATTACHMENT|test-results\TestLaunch-UpdateLaunchSta-adbee--launch-status-to-Completed-retry2\video.webm]]

[[ATTACHMENT|test-results\TestLaunch-UpdateLaunchSta-adbee--launch-status-to-Completed-retry2\error-context.md]]

[[ATTACHMENT|test-results\TestLaunch-UpdateLaunchSta-adbee--launch-status-to-Completed-retry2\trace.zip]]
]]>
</system-out>
</testcase>
<testcase name="Update Launch Status › should update launch status to Aborted" classname="TestLaunch\UpdateLaunchStatus.spec.ts" time="0">
<skipped>
</skipped>
</testcase>
</testsuite>
</testsuites>